{"C:\\Users\\joao.hugill\\Documents\\STUDY\\aula-ddd\\01-aula-typescript\\src\\domain\\entity\\Order.ts": {"path":"C:\\Users\\joao.hugill\\Documents\\STUDY\\aula-ddd\\01-aula-typescript\\src\\domain\\entity\\Order.ts","statementMap":{"0":{"start":{"line":3,"column":21},"end":{"line":3,"column":null}},"1":{"start":{"line":18,"column":8},"end":{"line":18,"column":null}},"2":{"start":{"line":22,"column":8},"end":{"line":22,"column":null}},"3":{"start":{"line":26,"column":8},"end":{"line":26,"column":null}},"4":{"start":{"line":30,"column":8},"end":{"line":30,"column":null}},"5":{"start":{"line":30,"column":49},"end":{"line":30,"column":78}},"6":{"start":{"line":34,"column":8},"end":{"line":36,"column":null}},"7":{"start":{"line":35,"column":10},"end":{"line":35,"column":null}},"8":{"start":{"line":37,"column":8},"end":{"line":39,"column":null}},"9":{"start":{"line":38,"column":12},"end":{"line":38,"column":null}},"10":{"start":{"line":41,"column":8},"end":{"line":43,"column":null}},"11":{"start":{"line":42,"column":12},"end":{"line":42,"column":null}},"12":{"start":{"line":44,"column":8},"end":{"line":44,"column":null}},"13":{"start":{"line":4,"column":4},"end":{"line":4,"column":12}},"14":{"start":{"line":5,"column":4},"end":{"line":5,"column":12}},"15":{"start":{"line":6,"column":4},"end":{"line":6,"column":12}},"16":{"start":{"line":7,"column":4},"end":{"line":7,"column":12}},"17":{"start":{"line":10,"column":8},"end":{"line":10,"column":null}},"18":{"start":{"line":11,"column":8},"end":{"line":11,"column":null}},"19":{"start":{"line":12,"column":8},"end":{"line":12,"column":null}},"20":{"start":{"line":13,"column":8},"end":{"line":13,"column":null}},"21":{"start":{"line":14,"column":8},"end":{"line":14,"column":null}}},"fnMap":{"0":{"name":"(anonymous_2)","decl":{"start":{"line":17,"column":4},"end":{"line":17,"column":8}},"loc":{"start":{"line":17,"column":21},"end":{"line":19,"column":null}}},"1":{"name":"(anonymous_3)","decl":{"start":{"line":21,"column":4},"end":{"line":21,"column":8}},"loc":{"start":{"line":21,"column":29},"end":{"line":23,"column":null}}},"2":{"name":"(anonymous_4)","decl":{"start":{"line":25,"column":4},"end":{"line":25,"column":8}},"loc":{"start":{"line":25,"column":29},"end":{"line":27,"column":null}}},"3":{"name":"(anonymous_5)","decl":{"start":{"line":29,"column":4},"end":{"line":29,"column":20}},"loc":{"start":{"line":29,"column":20},"end":{"line":31,"column":null}}},"4":{"name":"(anonymous_6)","decl":{"start":{"line":30,"column":34},"end":{"line":30,"column":35}},"loc":{"start":{"line":30,"column":49},"end":{"line":30,"column":78}}},"5":{"name":"(anonymous_7)","decl":{"start":{"line":33,"column":4},"end":{"line":33,"column":24}},"loc":{"start":{"line":33,"column":24},"end":{"line":45,"column":null}}},"6":{"name":"(anonymous_8)","decl":{"start":{"line":9,"column":4},"end":{"line":9,"column":16}},"loc":{"start":{"line":9,"column":68},"end":{"line":15,"column":null}}}},"branchMap":{"0":{"loc":{"start":{"line":34,"column":8},"end":{"line":36,"column":null}},"type":"if","locations":[{"start":{"line":34,"column":8},"end":{"line":36,"column":null}}]},"1":{"loc":{"start":{"line":37,"column":8},"end":{"line":39,"column":null}},"type":"if","locations":[{"start":{"line":37,"column":8},"end":{"line":39,"column":null}}]},"2":{"loc":{"start":{"line":41,"column":8},"end":{"line":43,"column":null}},"type":"if","locations":[{"start":{"line":41,"column":8},"end":{"line":43,"column":null}}]}},"s":{"0":18,"1":14,"2":7,"3":6,"4":30,"5":44,"6":18,"7":1,"8":17,"9":1,"10":16,"11":1,"12":15,"13":18,"14":18,"15":18,"16":18,"17":18,"18":18,"19":18,"20":18,"21":18},"f":{"0":14,"1":7,"2":6,"3":30,"4":44,"5":18,"6":18},"b":{"0":[1],"1":[1],"2":[1]}}
,"C:\\Users\\joao.hugill\\Documents\\STUDY\\aula-ddd\\01-aula-typescript\\src\\domain\\entity\\OrderItem.ts": {"path":"C:\\Users\\joao.hugill\\Documents\\STUDY\\aula-ddd\\01-aula-typescript\\src\\domain\\entity\\OrderItem.ts","statementMap":{"0":{"start":{"line":1,"column":21},"end":{"line":1,"column":null}},"1":{"start":{"line":17,"column":8},"end":{"line":17,"column":null}},"2":{"start":{"line":21,"column":8},"end":{"line":21,"column":null}},"3":{"start":{"line":25,"column":8},"end":{"line":25,"column":null}},"4":{"start":{"line":29,"column":8},"end":{"line":29,"column":null}},"5":{"start":{"line":34,"column":8},"end":{"line":34,"column":null}},"6":{"start":{"line":38,"column":8},"end":{"line":38,"column":null}},"7":{"start":{"line":2,"column":4},"end":{"line":2,"column":12}},"8":{"start":{"line":3,"column":4},"end":{"line":3,"column":12}},"9":{"start":{"line":4,"column":4},"end":{"line":4,"column":12}},"10":{"start":{"line":5,"column":4},"end":{"line":5,"column":12}},"11":{"start":{"line":6,"column":4},"end":{"line":6,"column":12}},"12":{"start":{"line":9,"column":8},"end":{"line":9,"column":null}},"13":{"start":{"line":10,"column":8},"end":{"line":10,"column":null}},"14":{"start":{"line":11,"column":8},"end":{"line":11,"column":null}},"15":{"start":{"line":12,"column":8},"end":{"line":12,"column":null}},"16":{"start":{"line":13,"column":8},"end":{"line":13,"column":null}}},"fnMap":{"0":{"name":"(anonymous_2)","decl":{"start":{"line":16,"column":4},"end":{"line":16,"column":8}},"loc":{"start":{"line":16,"column":21},"end":{"line":18,"column":null}}},"1":{"name":"(anonymous_3)","decl":{"start":{"line":20,"column":4},"end":{"line":20,"column":8}},"loc":{"start":{"line":20,"column":28},"end":{"line":22,"column":null}}},"2":{"name":"(anonymous_4)","decl":{"start":{"line":24,"column":4},"end":{"line":24,"column":8}},"loc":{"start":{"line":24,"column":23},"end":{"line":26,"column":null}}},"3":{"name":"(anonymous_5)","decl":{"start":{"line":28,"column":4},"end":{"line":28,"column":8}},"loc":{"start":{"line":28,"column":24},"end":{"line":30,"column":null}}},"4":{"name":"(anonymous_6)","decl":{"start":{"line":33,"column":4},"end":{"line":33,"column":8}},"loc":{"start":{"line":33,"column":27},"end":{"line":35,"column":null}}},"5":{"name":"(anonymous_7)","decl":{"start":{"line":37,"column":4},"end":{"line":37,"column":29}},"loc":{"start":{"line":37,"column":29},"end":{"line":39,"column":null}}},"6":{"name":"(anonymous_8)","decl":{"start":{"line":8,"column":4},"end":{"line":8,"column":16}},"loc":{"start":{"line":8,"column":94},"end":{"line":14,"column":null}}}},"branchMap":{},"s":{"0":25,"1":14,"2":11,"3":14,"4":14,"5":12,"6":44,"7":25,"8":25,"9":25,"10":25,"11":25,"12":25,"13":25,"14":25,"15":25,"16":25},"f":{"0":14,"1":11,"2":14,"3":14,"4":12,"5":44,"6":25},"b":{}}
,"C:\\Users\\joao.hugill\\Documents\\STUDY\\aula-ddd\\01-aula-typescript\\src\\domain\\entity\\address.ts": {"path":"C:\\Users\\joao.hugill\\Documents\\STUDY\\aula-ddd\\01-aula-typescript\\src\\domain\\entity\\address.ts","statementMap":{"0":{"start":{"line":1,"column":21},"end":{"line":1,"column":null}},"1":{"start":{"line":17,"column":8},"end":{"line":17,"column":null}},"2":{"start":{"line":21,"column":8},"end":{"line":21,"column":null}},"3":{"start":{"line":25,"column":8},"end":{"line":25,"column":null}},"4":{"start":{"line":29,"column":8},"end":{"line":29,"column":null}},"5":{"start":{"line":33,"column":8},"end":{"line":35,"column":null}},"6":{"start":{"line":34,"column":12},"end":{"line":34,"column":null}},"7":{"start":{"line":36,"column":8},"end":{"line":38,"column":null}},"8":{"start":{"line":37,"column":12},"end":{"line":37,"column":null}},"9":{"start":{"line":39,"column":8},"end":{"line":41,"column":null}},"10":{"start":{"line":40,"column":12},"end":{"line":40,"column":null}},"11":{"start":{"line":42,"column":8},"end":{"line":44,"column":null}},"12":{"start":{"line":43,"column":12},"end":{"line":43,"column":null}},"13":{"start":{"line":2,"column":4},"end":{"line":2,"column":12}},"14":{"start":{"line":3,"column":4},"end":{"line":3,"column":12}},"15":{"start":{"line":4,"column":4},"end":{"line":4,"column":12}},"16":{"start":{"line":5,"column":4},"end":{"line":5,"column":12}},"17":{"start":{"line":8,"column":8},"end":{"line":8,"column":null}},"18":{"start":{"line":9,"column":8},"end":{"line":9,"column":null}},"19":{"start":{"line":10,"column":8},"end":{"line":10,"column":null}},"20":{"start":{"line":11,"column":8},"end":{"line":11,"column":null}},"21":{"start":{"line":13,"column":8},"end":{"line":13,"column":null}}},"fnMap":{"0":{"name":"(anonymous_2)","decl":{"start":{"line":16,"column":4},"end":{"line":16,"column":8}},"loc":{"start":{"line":16,"column":25},"end":{"line":18,"column":null}}},"1":{"name":"(anonymous_3)","decl":{"start":{"line":20,"column":4},"end":{"line":20,"column":8}},"loc":{"start":{"line":20,"column":25},"end":{"line":22,"column":null}}},"2":{"name":"(anonymous_4)","decl":{"start":{"line":24,"column":4},"end":{"line":24,"column":8}},"loc":{"start":{"line":24,"column":22},"end":{"line":26,"column":null}}},"3":{"name":"(anonymous_5)","decl":{"start":{"line":28,"column":4},"end":{"line":28,"column":8}},"loc":{"start":{"line":28,"column":23},"end":{"line":30,"column":null}}},"4":{"name":"(anonymous_6)","decl":{"start":{"line":32,"column":4},"end":{"line":32,"column":15}},"loc":{"start":{"line":32,"column":15},"end":{"line":45,"column":null}}},"5":{"name":"(anonymous_7)","decl":{"start":{"line":7,"column":4},"end":{"line":7,"column":16}},"loc":{"start":{"line":7,"column":75},"end":{"line":14,"column":null}}}},"branchMap":{"0":{"loc":{"start":{"line":33,"column":8},"end":{"line":35,"column":null}},"type":"if","locations":[{"start":{"line":33,"column":8},"end":{"line":35,"column":null}}]},"1":{"loc":{"start":{"line":36,"column":8},"end":{"line":38,"column":null}},"type":"if","locations":[{"start":{"line":36,"column":8},"end":{"line":38,"column":null}}]},"2":{"loc":{"start":{"line":39,"column":8},"end":{"line":41,"column":null}},"type":"if","locations":[{"start":{"line":39,"column":8},"end":{"line":41,"column":null}}]},"3":{"loc":{"start":{"line":42,"column":8},"end":{"line":44,"column":null}},"type":"if","locations":[{"start":{"line":42,"column":8},"end":{"line":44,"column":null}}]}},"s":{"0":14,"1":13,"2":13,"3":13,"4":13,"5":14,"6":0,"7":14,"8":0,"9":14,"10":0,"11":14,"12":0,"13":14,"14":14,"15":14,"16":14,"17":14,"18":14,"19":14,"20":14,"21":14},"f":{"0":13,"1":13,"2":13,"3":13,"4":14,"5":14},"b":{"0":[0],"1":[0],"2":[0],"3":[0]}}
,"C:\\Users\\joao.hugill\\Documents\\STUDY\\aula-ddd\\01-aula-typescript\\src\\domain\\entity\\customer.ts": {"path":"C:\\Users\\joao.hugill\\Documents\\STUDY\\aula-ddd\\01-aula-typescript\\src\\domain\\entity\\customer.ts","statementMap":{"0":{"start":{"line":3,"column":21},"end":{"line":3,"column":null}},"1":{"start":{"line":17,"column":4},"end":{"line":17,"column":null}},"2":{"start":{"line":21,"column":4},"end":{"line":21,"column":null}},"3":{"start":{"line":25,"column":4},"end":{"line":25,"column":null}},"4":{"start":{"line":29,"column":4},"end":{"line":31,"column":null}},"5":{"start":{"line":30,"column":6},"end":{"line":30,"column":null}},"6":{"start":{"line":32,"column":4},"end":{"line":34,"column":null}},"7":{"start":{"line":33,"column":6},"end":{"line":33,"column":null}},"8":{"start":{"line":36,"column":4},"end":{"line":36,"column":null}},"9":{"start":{"line":40,"column":4},"end":{"line":40,"column":null}},"10":{"start":{"line":44,"column":4},"end":{"line":44,"column":null}},"11":{"start":{"line":45,"column":4},"end":{"line":45,"column":null}},"12":{"start":{"line":50,"column":4},"end":{"line":50,"column":null}},"13":{"start":{"line":54,"column":4},"end":{"line":54,"column":null}},"14":{"start":{"line":58,"column":4},"end":{"line":60,"column":null}},"15":{"start":{"line":59,"column":6},"end":{"line":59,"column":null}},"16":{"start":{"line":61,"column":4},"end":{"line":61,"column":null}},"17":{"start":{"line":65,"column":4},"end":{"line":65,"column":null}},"18":{"start":{"line":69,"column":4},"end":{"line":69,"column":null}},"19":{"start":{"line":73,"column":4},"end":{"line":73,"column":null}},"20":{"start":{"line":4,"column":2},"end":{"line":4,"column":10}},"21":{"start":{"line":5,"column":2},"end":{"line":5,"column":null}},"22":{"start":{"line":6,"column":2},"end":{"line":6,"column":10}},"23":{"start":{"line":7,"column":2},"end":{"line":7,"column":null}},"24":{"start":{"line":8,"column":2},"end":{"line":8,"column":null}},"25":{"start":{"line":11,"column":4},"end":{"line":11,"column":null}},"26":{"start":{"line":12,"column":4},"end":{"line":12,"column":null}},"27":{"start":{"line":13,"column":4},"end":{"line":13,"column":null}}},"fnMap":{"0":{"name":"(anonymous_2)","decl":{"start":{"line":16,"column":2},"end":{"line":16,"column":6}},"loc":{"start":{"line":16,"column":19},"end":{"line":18,"column":null}}},"1":{"name":"(anonymous_3)","decl":{"start":{"line":20,"column":2},"end":{"line":20,"column":6}},"loc":{"start":{"line":20,"column":21},"end":{"line":22,"column":null}}},"2":{"name":"(anonymous_4)","decl":{"start":{"line":24,"column":2},"end":{"line":24,"column":6}},"loc":{"start":{"line":24,"column":29},"end":{"line":26,"column":null}}},"3":{"name":"(anonymous_5)","decl":{"start":{"line":28,"column":2},"end":{"line":28,"column":21}},"loc":{"start":{"line":28,"column":21},"end":{"line":37,"column":null}}},"4":{"name":"(anonymous_6)","decl":{"start":{"line":39,"column":2},"end":{"line":39,"column":6}},"loc":{"start":{"line":39,"column":25},"end":{"line":41,"column":null}}},"5":{"name":"(anonymous_7)","decl":{"start":{"line":43,"column":2},"end":{"line":43,"column":13}},"loc":{"start":{"line":43,"column":27},"end":{"line":46,"column":null}}},"6":{"name":"(anonymous_8)","decl":{"start":{"line":49,"column":2},"end":{"line":49,"column":16}},"loc":{"start":{"line":49,"column":34},"end":{"line":51,"column":null}}},"7":{"name":"(anonymous_9)","decl":{"start":{"line":53,"column":2},"end":{"line":53,"column":22}},"loc":{"start":{"line":53,"column":22},"end":{"line":55,"column":null}}},"8":{"name":"(anonymous_10)","decl":{"start":{"line":57,"column":2},"end":{"line":57,"column":13}},"loc":{"start":{"line":57,"column":13},"end":{"line":62,"column":null}}},"9":{"name":"(anonymous_11)","decl":{"start":{"line":64,"column":2},"end":{"line":64,"column":15}},"loc":{"start":{"line":64,"column":15},"end":{"line":66,"column":null}}},"10":{"name":"(anonymous_12)","decl":{"start":{"line":68,"column":2},"end":{"line":68,"column":18}},"loc":{"start":{"line":68,"column":34},"end":{"line":70,"column":null}}},"11":{"name":"(anonymous_13)","decl":{"start":{"line":72,"column":2},"end":{"line":72,"column":6}},"loc":{"start":{"line":72,"column":32},"end":{"line":74,"column":null}}},"12":{"name":"(anonymous_14)","decl":{"start":{"line":10,"column":2},"end":{"line":10,"column":14}},"loc":{"start":{"line":10,"column":40},"end":{"line":14,"column":null}}}},"branchMap":{"0":{"loc":{"start":{"line":29,"column":4},"end":{"line":31,"column":null}},"type":"if","locations":[{"start":{"line":29,"column":4},"end":{"line":31,"column":null}}]},"1":{"loc":{"start":{"line":32,"column":4},"end":{"line":34,"column":null}},"type":"if","locations":[{"start":{"line":32,"column":4},"end":{"line":34,"column":null}}]},"2":{"loc":{"start":{"line":58,"column":4},"end":{"line":60,"column":null}},"type":"if","locations":[{"start":{"line":58,"column":4},"end":{"line":60,"column":null}}]}},"s":{"0":20,"1":16,"2":14,"3":14,"4":22,"5":1,"6":21,"7":1,"8":20,"9":44,"10":2,"11":2,"12":8,"13":15,"14":4,"15":1,"16":3,"17":1,"18":5,"19":6,"20":20,"21":20,"22":20,"23":20,"24":20,"25":20,"26":20,"27":20},"f":{"0":16,"1":14,"2":14,"3":22,"4":44,"5":2,"6":8,"7":15,"8":4,"9":1,"10":5,"11":6,"12":20},"b":{"0":[1],"1":[1],"2":[1]}}
,"C:\\Users\\joao.hugill\\Documents\\STUDY\\aula-ddd\\01-aula-typescript\\src\\domain\\entity\\product.ts": {"path":"C:\\Users\\joao.hugill\\Documents\\STUDY\\aula-ddd\\01-aula-typescript\\src\\domain\\entity\\product.ts","statementMap":{"0":{"start":{"line":1,"column":21},"end":{"line":1,"column":null}},"1":{"start":{"line":15,"column":8},"end":{"line":15,"column":null}},"2":{"start":{"line":19,"column":8},"end":{"line":19,"column":null}},"3":{"start":{"line":23,"column":8},"end":{"line":23,"column":null}},"4":{"start":{"line":27,"column":8},"end":{"line":27,"column":null}},"5":{"start":{"line":28,"column":8},"end":{"line":28,"column":null}},"6":{"start":{"line":32,"column":8},"end":{"line":32,"column":null}},"7":{"start":{"line":33,"column":8},"end":{"line":33,"column":null}},"8":{"start":{"line":37,"column":8},"end":{"line":39,"column":null}},"9":{"start":{"line":38,"column":12},"end":{"line":38,"column":null}},"10":{"start":{"line":40,"column":8},"end":{"line":42,"column":null}},"11":{"start":{"line":41,"column":12},"end":{"line":41,"column":null}},"12":{"start":{"line":43,"column":8},"end":{"line":45,"column":null}},"13":{"start":{"line":44,"column":12},"end":{"line":44,"column":null}},"14":{"start":{"line":46,"column":8},"end":{"line":46,"column":null}},"15":{"start":{"line":2,"column":4},"end":{"line":2,"column":null}},"16":{"start":{"line":3,"column":4},"end":{"line":3,"column":null}},"17":{"start":{"line":4,"column":4},"end":{"line":4,"column":null}},"18":{"start":{"line":7,"column":8},"end":{"line":7,"column":null}},"19":{"start":{"line":8,"column":8},"end":{"line":8,"column":null}},"20":{"start":{"line":9,"column":8},"end":{"line":9,"column":null}},"21":{"start":{"line":11,"column":8},"end":{"line":11,"column":null}}},"fnMap":{"0":{"name":"(anonymous_2)","decl":{"start":{"line":14,"column":4},"end":{"line":14,"column":8}},"loc":{"start":{"line":14,"column":23},"end":{"line":16,"column":null}}},"1":{"name":"(anonymous_3)","decl":{"start":{"line":18,"column":4},"end":{"line":18,"column":8}},"loc":{"start":{"line":18,"column":21},"end":{"line":20,"column":null}}},"2":{"name":"(anonymous_4)","decl":{"start":{"line":22,"column":4},"end":{"line":22,"column":8}},"loc":{"start":{"line":22,"column":24},"end":{"line":24,"column":null}}},"3":{"name":"(anonymous_5)","decl":{"start":{"line":26,"column":4},"end":{"line":26,"column":16}},"loc":{"start":{"line":26,"column":37},"end":{"line":29,"column":null}}},"4":{"name":"(anonymous_6)","decl":{"start":{"line":31,"column":4},"end":{"line":31,"column":15}},"loc":{"start":{"line":31,"column":35},"end":{"line":34,"column":null}}},"5":{"name":"(anonymous_7)","decl":{"start":{"line":36,"column":4},"end":{"line":36,"column":24}},"loc":{"start":{"line":36,"column":24},"end":{"line":47,"column":null}}},"6":{"name":"(anonymous_8)","decl":{"start":{"line":6,"column":4},"end":{"line":6,"column":16}},"loc":{"start":{"line":6,"column":57},"end":{"line":12,"column":null}}}},"branchMap":{"0":{"loc":{"start":{"line":37,"column":8},"end":{"line":39,"column":null}},"type":"if","locations":[{"start":{"line":37,"column":8},"end":{"line":39,"column":null}}]},"1":{"loc":{"start":{"line":40,"column":8},"end":{"line":42,"column":null}},"type":"if","locations":[{"start":{"line":40,"column":8},"end":{"line":42,"column":null}}]},"2":{"loc":{"start":{"line":43,"column":8},"end":{"line":45,"column":null}},"type":"if","locations":[{"start":{"line":43,"column":8},"end":{"line":45,"column":null}}]}},"s":{"0":22,"1":25,"2":26,"3":31,"4":4,"5":4,"6":2,"7":2,"8":22,"9":1,"10":21,"11":1,"12":20,"13":2,"14":18,"15":22,"16":22,"17":22,"18":22,"19":22,"20":22,"21":22},"f":{"0":25,"1":26,"2":31,"3":4,"4":2,"5":22,"6":22},"b":{"0":[1],"1":[1],"2":[2]}}
,"C:\\Users\\joao.hugill\\Documents\\STUDY\\aula-ddd\\01-aula-typescript\\src\\domain\\service\\order.service.ts": {"path":"C:\\Users\\joao.hugill\\Documents\\STUDY\\aula-ddd\\01-aula-typescript\\src\\domain\\service\\order.service.ts","statementMap":{"0":{"start":{"line":6,"column":21},"end":{"line":6,"column":null}},"1":{"start":{"line":1,"column":18},"end":{"line":1,"column":null}},"2":{"start":{"line":4,"column":27},"end":{"line":4,"column":null}},"3":{"start":{"line":8,"column":8},"end":{"line":8,"column":null}},"4":{"start":{"line":8,"column":45},"end":{"line":8,"column":65}},"5":{"start":{"line":12,"column":8},"end":{"line":14,"column":null}},"6":{"start":{"line":13,"column":12},"end":{"line":13,"column":null}},"7":{"start":{"line":16,"column":22},"end":{"line":16,"column":null}},"8":{"start":{"line":18,"column":8},"end":{"line":18,"column":null}},"9":{"start":{"line":20,"column":8},"end":{"line":20,"column":null}}},"fnMap":{"0":{"name":"(anonymous_2)","decl":{"start":{"line":7,"column":4},"end":{"line":7,"column":11}},"loc":{"start":{"line":7,"column":42},"end":{"line":9,"column":null}}},"1":{"name":"(anonymous_3)","decl":{"start":{"line":8,"column":29},"end":{"line":8,"column":30}},"loc":{"start":{"line":8,"column":45},"end":{"line":8,"column":65}}},"2":{"name":"(anonymous_4)","decl":{"start":{"line":11,"column":4},"end":{"line":11,"column":11}},"loc":{"start":{"line":11,"column":69},"end":{"line":21,"column":null}}}},"branchMap":{"0":{"loc":{"start":{"line":12,"column":8},"end":{"line":14,"column":null}},"type":"if","locations":[{"start":{"line":12,"column":8},"end":{"line":14,"column":null}}]}},"s":{"0":2,"1":1,"2":1,"3":1,"4":2,"5":1,"6":0,"7":1,"8":1,"9":1},"f":{"0":1,"1":2,"2":1},"b":{"0":[0]}}
,"C:\\Users\\joao.hugill\\Documents\\STUDY\\aula-ddd\\01-aula-typescript\\src\\domain\\service\\product.service.ts": {"path":"C:\\Users\\joao.hugill\\Documents\\STUDY\\aula-ddd\\01-aula-typescript\\src\\domain\\service\\product.service.ts","statementMap":{"0":{"start":{"line":3,"column":21},"end":{"line":3,"column":null}},"1":{"start":{"line":5,"column":8},"end":{"line":7,"column":null}},"2":{"start":{"line":6,"column":12},"end":{"line":6,"column":null}},"3":{"start":{"line":8,"column":8},"end":{"line":8,"column":null}}},"fnMap":{"0":{"name":"(anonymous_1)","decl":{"start":{"line":4,"column":4},"end":{"line":4,"column":11}},"loc":{"start":{"line":4,"column":77},"end":{"line":9,"column":null}}},"1":{"name":"(anonymous_2)","decl":{"start":{"line":5,"column":25},"end":{"line":5,"column":null}},"loc":{"start":{"line":5,"column":25},"end":{"line":7,"column":null}}}},"branchMap":{},"s":{"0":1,"1":1,"2":2,"3":1},"f":{"0":1,"1":2},"b":{}}
,"C:\\Users\\joao.hugill\\Documents\\STUDY\\aula-ddd\\01-aula-typescript\\src\\infrastructure\\db\\sequelize\\model\\customer.model.ts": {"path":"C:\\Users\\joao.hugill\\Documents\\STUDY\\aula-ddd\\01-aula-typescript\\src\\infrastructure\\db\\sequelize\\model\\customer.model.ts","statementMap":{"0":{"start":{"line":7,"column":21},"end":{"line":7,"column":43}},"1":{"start":{"line":1,"column":49},"end":{"line":1,"column":null}}},"fnMap":{},"branchMap":{},"s":{"0":58,"1":2},"f":{},"b":{}}
,"C:\\Users\\joao.hugill\\Documents\\STUDY\\aula-ddd\\01-aula-typescript\\src\\infrastructure\\db\\sequelize\\model\\order-item.model.ts": {"path":"C:\\Users\\joao.hugill\\Documents\\STUDY\\aula-ddd\\01-aula-typescript\\src\\infrastructure\\db\\sequelize\\model\\order-item.model.ts","statementMap":{"0":{"start":{"line":17,"column":23},"end":{"line":17,"column":46}},"1":{"start":{"line":8,"column":9},"end":{"line":8,"column":null}},"2":{"start":{"line":9,"column":27},"end":{"line":9,"column":null}},"3":{"start":{"line":10,"column":25},"end":{"line":10,"column":null}},"4":{"start":{"line":22,"column":22},"end":{"line":22,"column":34}},"5":{"start":{"line":26,"column":21},"end":{"line":26,"column":33}},"6":{"start":{"line":29,"column":22},"end":{"line":29,"column":32}},"7":{"start":{"line":33,"column":21},"end":{"line":33,"column":31}}},"fnMap":{"0":{"name":"(anonymous_4)","decl":{"start":{"line":22,"column":16},"end":{"line":22,"column":22}},"loc":{"start":{"line":22,"column":22},"end":{"line":22,"column":34}}},"1":{"name":"(anonymous_5)","decl":{"start":{"line":26,"column":15},"end":{"line":26,"column":21}},"loc":{"start":{"line":26,"column":21},"end":{"line":26,"column":33}}},"2":{"name":"(anonymous_6)","decl":{"start":{"line":29,"column":16},"end":{"line":29,"column":22}},"loc":{"start":{"line":29,"column":22},"end":{"line":29,"column":32}}},"3":{"name":"(anonymous_7)","decl":{"start":{"line":33,"column":15},"end":{"line":33,"column":21}},"loc":{"start":{"line":33,"column":21},"end":{"line":33,"column":31}}}},"branchMap":{"0":{"loc":{"start":{"line":27,"column":21},"end":{"line":27,"column":33}},"type":"cond-expr","locations":[{"start":{"line":27,"column":33},"end":{"line":27,"column":null}},{"start":{"line":27,"column":21},"end":{"line":27,"column":33}}]},"1":{"loc":{"start":{"line":34,"column":19},"end":{"line":34,"column":29}},"type":"cond-expr","locations":[{"start":{"line":34,"column":29},"end":{"line":34,"column":null}},{"start":{"line":34,"column":19},"end":{"line":34,"column":29}}]}},"s":{"0":37,"1":1,"2":1,"3":1,"4":30,"5":12,"6":12,"7":12},"f":{"0":30,"1":12,"2":12,"3":12},"b":{"0":[0,1],"1":[0,1]}}
,"C:\\Users\\joao.hugill\\Documents\\STUDY\\aula-ddd\\01-aula-typescript\\src\\infrastructure\\db\\sequelize\\model\\order.model.ts": {"path":"C:\\Users\\joao.hugill\\Documents\\STUDY\\aula-ddd\\01-aula-typescript\\src\\infrastructure\\db\\sequelize\\model\\order.model.ts","statementMap":{"0":{"start":{"line":17,"column":23},"end":{"line":17,"column":42}},"1":{"start":{"line":9,"column":9},"end":{"line":9,"column":null}},"2":{"start":{"line":10,"column":28},"end":{"line":10,"column":null}},"3":{"start":{"line":11,"column":29},"end":{"line":11,"column":null}},"4":{"start":{"line":22,"column":22},"end":{"line":22,"column":35}},"5":{"start":{"line":26,"column":21},"end":{"line":26,"column":34}},"6":{"start":{"line":29,"column":19},"end":{"line":29,"column":33}}},"fnMap":{"0":{"name":"(anonymous_4)","decl":{"start":{"line":22,"column":16},"end":{"line":22,"column":22}},"loc":{"start":{"line":22,"column":22},"end":{"line":22,"column":35}}},"1":{"name":"(anonymous_5)","decl":{"start":{"line":26,"column":15},"end":{"line":26,"column":21}},"loc":{"start":{"line":26,"column":21},"end":{"line":26,"column":34}}},"2":{"name":"(anonymous_6)","decl":{"start":{"line":29,"column":13},"end":{"line":29,"column":19}},"loc":{"start":{"line":29,"column":19},"end":{"line":29,"column":33}}}},"branchMap":{"0":{"loc":{"start":{"line":27,"column":22},"end":{"line":27,"column":35}},"type":"cond-expr","locations":[{"start":{"line":27,"column":35},"end":{"line":27,"column":null}},{"start":{"line":27,"column":22},"end":{"line":27,"column":35}}]}},"s":{"0":46,"1":1,"2":1,"3":1,"4":6,"5":21,"6":21},"f":{"0":6,"1":21,"2":21},"b":{"0":[0,1]}}
,"C:\\Users\\joao.hugill\\Documents\\STUDY\\aula-ddd\\01-aula-typescript\\src\\infrastructure\\db\\sequelize\\model\\product.model.ts": {"path":"C:\\Users\\joao.hugill\\Documents\\STUDY\\aula-ddd\\01-aula-typescript\\src\\infrastructure\\db\\sequelize\\model\\product.model.ts","statementMap":{"0":{"start":{"line":7,"column":21},"end":{"line":7,"column":42}},"1":{"start":{"line":1,"column":49},"end":{"line":1,"column":null}}},"fnMap":{},"branchMap":{},"s":{"0":74,"1":2},"f":{},"b":{}}
,"C:\\Users\\joao.hugill\\Documents\\STUDY\\aula-ddd\\01-aula-typescript\\src\\infrastructure\\repository\\customer.repository.ts": {"path":"C:\\Users\\joao.hugill\\Documents\\STUDY\\aula-ddd\\01-aula-typescript\\src\\infrastructure\\repository\\customer.repository.ts","statementMap":{"0":{"start":{"line":6,"column":21},"end":{"line":6,"column":null}},"1":{"start":{"line":1,"column":21},"end":{"line":1,"column":null}},"2":{"start":{"line":2,"column":20},"end":{"line":2,"column":null}},"3":{"start":{"line":4,"column":26},"end":{"line":4,"column":null}},"4":{"start":{"line":8,"column":4},"end":{"line":17,"column":null}},"5":{"start":{"line":21,"column":4},"end":{"line":35,"column":null}},"6":{"start":{"line":41,"column":4},"end":{"line":50,"column":null}},"7":{"start":{"line":42,"column":6},"end":{"line":47,"column":null}},"8":{"start":{"line":49,"column":6},"end":{"line":49,"column":null}},"9":{"start":{"line":52,"column":21},"end":{"line":52,"column":null}},"10":{"start":{"line":53,"column":20},"end":{"line":57,"column":null}},"11":{"start":{"line":59,"column":4},"end":{"line":59,"column":null}},"12":{"start":{"line":60,"column":4},"end":{"line":60,"column":null}},"13":{"start":{"line":64,"column":27},"end":{"line":64,"column":null}},"14":{"start":{"line":66,"column":22},"end":{"line":80,"column":null}},"15":{"start":{"line":67,"column":21},"end":{"line":67,"column":null}},"16":{"start":{"line":68,"column":6},"end":{"line":68,"column":null}},"17":{"start":{"line":69,"column":22},"end":{"line":73,"column":null}},"18":{"start":{"line":75,"column":6},"end":{"line":75,"column":null}},"19":{"start":{"line":76,"column":6},"end":{"line":78,"column":null}},"20":{"start":{"line":77,"column":8},"end":{"line":77,"column":null}},"21":{"start":{"line":79,"column":6},"end":{"line":79,"column":null}},"22":{"start":{"line":82,"column":4},"end":{"line":82,"column":null}}},"fnMap":{"0":{"name":"(anonymous_2)","decl":{"start":{"line":7,"column":2},"end":{"line":7,"column":8}},"loc":{"start":{"line":7,"column":48},"end":{"line":18,"column":null}}},"1":{"name":"(anonymous_3)","decl":{"start":{"line":20,"column":2},"end":{"line":20,"column":8}},"loc":{"start":{"line":20,"column":48},"end":{"line":37,"column":null}}},"2":{"name":"(anonymous_4)","decl":{"start":{"line":39,"column":2},"end":{"line":39,"column":8}},"loc":{"start":{"line":39,"column":44},"end":{"line":61,"column":null}}},"3":{"name":"(anonymous_5)","decl":{"start":{"line":63,"column":2},"end":{"line":63,"column":8}},"loc":{"start":{"line":63,"column":39},"end":{"line":83,"column":null}}},"4":{"name":"(anonymous_6)","decl":{"start":{"line":66,"column":41},"end":{"line":66,"column":42}},"loc":{"start":{"line":66,"column":42},"end":{"line":80,"column":null}}}},"branchMap":{"0":{"loc":{"start":{"line":76,"column":6},"end":{"line":78,"column":null}},"type":"if","locations":[{"start":{"line":76,"column":6},"end":{"line":78,"column":null}}]}},"s":{"0":9,"1":2,"2":2,"3":2,"4":10,"5":1,"6":2,"7":2,"8":1,"9":1,"10":1,"11":1,"12":1,"13":1,"14":1,"15":2,"16":2,"17":2,"18":2,"19":2,"20":1,"21":2,"22":1},"f":{"0":10,"1":1,"2":2,"3":1,"4":2},"b":{"0":[1]}}
,"C:\\Users\\joao.hugill\\Documents\\STUDY\\aula-ddd\\01-aula-typescript\\src\\infrastructure\\repository\\order.repository.ts": {"path":"C:\\Users\\joao.hugill\\Documents\\STUDY\\aula-ddd\\01-aula-typescript\\src\\infrastructure\\repository\\order.repository.ts","statementMap":{"0":{"start":{"line":6,"column":21},"end":{"line":6,"column":null}},"1":{"start":{"line":1,"column":18},"end":{"line":1,"column":null}},"2":{"start":{"line":2,"column":23},"end":{"line":2,"column":null}},"3":{"start":{"line":3,"column":27},"end":{"line":3,"column":null}},"4":{"start":{"line":4,"column":22},"end":{"line":4,"column":null}},"5":{"start":{"line":8,"column":4},"end":{"line":21,"column":null}},"6":{"start":{"line":12,"column":41},"end":{"line":18,"column":null}},"7":{"start":{"line":27,"column":4},"end":{"line":37,"column":null}},"8":{"start":{"line":28,"column":6},"end":{"line":34,"column":null}},"9":{"start":{"line":36,"column":6},"end":{"line":36,"column":null}},"10":{"start":{"line":39,"column":36},"end":{"line":44,"column":null}},"11":{"start":{"line":39,"column":83},"end":{"line":44,"column":null}},"12":{"start":{"line":47,"column":4},"end":{"line":47,"column":null}},"13":{"start":{"line":52,"column":4},"end":{"line":58,"column":null}},"14":{"start":{"line":53,"column":6},"end":{"line":55,"column":null}},"15":{"start":{"line":57,"column":6},"end":{"line":57,"column":null}},"16":{"start":{"line":60,"column":30},"end":{"line":69,"column":null}},"17":{"start":{"line":61,"column":40},"end":{"line":66,"column":null}},"18":{"start":{"line":61,"column":87},"end":{"line":66,"column":null}},"19":{"start":{"line":68,"column":8},"end":{"line":68,"column":null}},"20":{"start":{"line":71,"column":6},"end":{"line":71,"column":null}},"21":{"start":{"line":76,"column":31},"end":{"line":81,"column":null}},"22":{"start":{"line":76,"column":58},"end":{"line":81,"column":null}},"23":{"start":{"line":84,"column":4},"end":{"line":99,"column":null}},"24":{"start":{"line":85,"column":6},"end":{"line":95,"column":null}},"25":{"start":{"line":98,"column":6},"end":{"line":98,"column":null}},"26":{"start":{"line":101,"column":4},"end":{"line":101,"column":null}}},"fnMap":{"0":{"name":"(anonymous_2)","decl":{"start":{"line":7,"column":2},"end":{"line":7,"column":8}},"loc":{"start":{"line":7,"column":45},"end":{"line":23,"column":null}}},"1":{"name":"(anonymous_3)","decl":{"start":{"line":12,"column":30},"end":{"line":12,"column":31}},"loc":{"start":{"line":12,"column":41},"end":{"line":18,"column":null}}},"2":{"name":"(anonymous_4)","decl":{"start":{"line":25,"column":2},"end":{"line":25,"column":8}},"loc":{"start":{"line":25,"column":41},"end":{"line":48,"column":null}}},"3":{"name":"(anonymous_5)","decl":{"start":{"line":39,"column":57},"end":{"line":39,"column":58}},"loc":{"start":{"line":39,"column":83},"end":{"line":44,"column":null}}},"4":{"name":"(anonymous_6)","decl":{"start":{"line":50,"column":2},"end":{"line":50,"column":8}},"loc":{"start":{"line":50,"column":36},"end":{"line":73,"column":null}}},"5":{"name":"(anonymous_7)","decl":{"start":{"line":60,"column":46},"end":{"line":60,"column":null}},"loc":{"start":{"line":60,"column":46},"end":{"line":69,"column":null}}},"6":{"name":"(anonymous_8)","decl":{"start":{"line":61,"column":61},"end":{"line":61,"column":62}},"loc":{"start":{"line":61,"column":87},"end":{"line":66,"column":null}}},"7":{"name":"(anonymous_9)","decl":{"start":{"line":75,"column":2},"end":{"line":75,"column":8}},"loc":{"start":{"line":75,"column":46},"end":{"line":102,"column":null}}},"8":{"name":"(anonymous_10)","decl":{"start":{"line":76,"column":48},"end":{"line":76,"column":49}},"loc":{"start":{"line":76,"column":58},"end":{"line":81,"column":null}}}},"branchMap":{},"s":{"0":6,"1":1,"2":1,"3":1,"4":1,"5":5,"6":9,"7":2,"8":2,"9":1,"10":1,"11":2,"12":1,"13":2,"14":2,"15":0,"16":2,"17":2,"18":4,"19":2,"20":2,"21":1,"22":2,"23":1,"24":1,"25":0,"26":1},"f":{"0":5,"1":9,"2":2,"3":2,"4":2,"5":2,"6":4,"7":1,"8":2},"b":{}}
,"C:\\Users\\joao.hugill\\Documents\\STUDY\\aula-ddd\\01-aula-typescript\\src\\infrastructure\\repository\\product.repository.ts": {"path":"C:\\Users\\joao.hugill\\Documents\\STUDY\\aula-ddd\\01-aula-typescript\\src\\infrastructure\\repository\\product.repository.ts","statementMap":{"0":{"start":{"line":5,"column":21},"end":{"line":5,"column":null}},"1":{"start":{"line":1,"column":20},"end":{"line":1,"column":null}},"2":{"start":{"line":3,"column":25},"end":{"line":3,"column":null}},"3":{"start":{"line":7,"column":8},"end":{"line":11,"column":null}},"4":{"start":{"line":16,"column":29},"end":{"line":16,"column":null}},"5":{"start":{"line":18,"column":8},"end":{"line":21,"column":null}},"6":{"start":{"line":25,"column":30},"end":{"line":25,"column":null}},"7":{"start":{"line":27,"column":8},"end":{"line":29,"column":null}},"8":{"start":{"line":28,"column":12},"end":{"line":28,"column":null}},"9":{"start":{"line":34,"column":8},"end":{"line":42,"column":null}}},"fnMap":{"0":{"name":"(anonymous_2)","decl":{"start":{"line":6,"column":4},"end":{"line":6,"column":10}},"loc":{"start":{"line":6,"column":49},"end":{"line":13,"column":null}}},"1":{"name":"(anonymous_3)","decl":{"start":{"line":15,"column":4},"end":{"line":15,"column":10}},"loc":{"start":{"line":15,"column":45},"end":{"line":23,"column":null}}},"2":{"name":"(anonymous_4)","decl":{"start":{"line":24,"column":4},"end":{"line":24,"column":10}},"loc":{"start":{"line":24,"column":40},"end":{"line":31,"column":null}}},"3":{"name":"(anonymous_5)","decl":{"start":{"line":27,"column":33},"end":{"line":27,"column":34}},"loc":{"start":{"line":27,"column":34},"end":{"line":29,"column":null}}},"4":{"name":"(anonymous_6)","decl":{"start":{"line":33,"column":4},"end":{"line":33,"column":10}},"loc":{"start":{"line":33,"column":49},"end":{"line":44,"column":null}}}},"branchMap":{},"s":{"0":8,"1":2,"2":2,"3":11,"4":1,"5":1,"6":1,"7":1,"8":2,"9":1},"f":{"0":11,"1":1,"2":1,"3":2,"4":1},"b":{}}
}
