TN:
SF:src\domain\entity\Order.ts
FN:17,(anonymous_2)
FN:21,(anonymous_3)
FN:25,(anonymous_4)
FN:29,(anonymous_5)
FN:30,(anonymous_6)
FN:33,(anonymous_7)
FN:9,(anonymous_8)
FNF:7
FNH:7
FNDA:14,(anonymous_2)
FNDA:7,(anonymous_3)
FNDA:6,(anonymous_4)
FNDA:30,(anonymous_5)
FNDA:44,(anonymous_6)
FNDA:18,(anonymous_7)
FNDA:18,(anonymous_8)
DA:3,18
DA:4,18
DA:5,18
DA:6,18
DA:7,18
DA:10,18
DA:11,18
DA:12,18
DA:13,18
DA:14,18
DA:18,14
DA:22,7
DA:26,6
DA:30,44
DA:34,18
DA:35,1
DA:37,17
DA:38,1
DA:41,16
DA:42,1
DA:44,15
LF:21
LH:21
BRDA:34,0,0,1
BRDA:37,1,0,1
BRDA:41,2,0,1
BRF:3
BRH:3
end_of_record
TN:
SF:src\domain\entity\OrderItem.ts
FN:16,(anonymous_2)
FN:20,(anonymous_3)
FN:24,(anonymous_4)
FN:28,(anonymous_5)
FN:33,(anonymous_6)
FN:37,(anonymous_7)
FN:8,(anonymous_8)
FNF:7
FNH:7
FNDA:14,(anonymous_2)
FNDA:11,(anonymous_3)
FNDA:14,(anonymous_4)
FNDA:14,(anonymous_5)
FNDA:12,(anonymous_6)
FNDA:44,(anonymous_7)
FNDA:25,(anonymous_8)
DA:1,25
DA:2,25
DA:3,25
DA:4,25
DA:5,25
DA:6,25
DA:9,25
DA:10,25
DA:11,25
DA:12,25
DA:13,25
DA:17,14
DA:21,11
DA:25,14
DA:29,14
DA:34,12
DA:38,44
LF:17
LH:17
BRF:0
BRH:0
end_of_record
TN:
SF:src\domain\entity\address.ts
FN:16,(anonymous_2)
FN:20,(anonymous_3)
FN:24,(anonymous_4)
FN:28,(anonymous_5)
FN:32,(anonymous_6)
FN:7,(anonymous_7)
FNF:6
FNH:6
FNDA:13,(anonymous_2)
FNDA:13,(anonymous_3)
FNDA:13,(anonymous_4)
FNDA:13,(anonymous_5)
FNDA:14,(anonymous_6)
FNDA:14,(anonymous_7)
DA:1,14
DA:2,14
DA:3,14
DA:4,14
DA:5,14
DA:8,14
DA:9,14
DA:10,14
DA:11,14
DA:13,14
DA:17,13
DA:21,13
DA:25,13
DA:29,13
DA:33,14
DA:34,0
DA:36,14
DA:37,0
DA:39,14
DA:40,0
DA:42,14
DA:43,0
LF:22
LH:18
BRDA:33,0,0,0
BRDA:36,1,0,0
BRDA:39,2,0,0
BRDA:42,3,0,0
BRF:4
BRH:0
end_of_record
TN:
SF:src\domain\entity\customer.ts
FN:16,(anonymous_2)
FN:20,(anonymous_3)
FN:24,(anonymous_4)
FN:28,(anonymous_5)
FN:39,(anonymous_6)
FN:43,(anonymous_7)
FN:49,(anonymous_8)
FN:53,(anonymous_9)
FN:57,(anonymous_10)
FN:64,(anonymous_11)
FN:68,(anonymous_12)
FN:72,(anonymous_13)
FN:10,(anonymous_14)
FNF:13
FNH:13
FNDA:16,(anonymous_2)
FNDA:14,(anonymous_3)
FNDA:14,(anonymous_4)
FNDA:22,(anonymous_5)
FNDA:44,(anonymous_6)
FNDA:2,(anonymous_7)
FNDA:8,(anonymous_8)
FNDA:15,(anonymous_9)
FNDA:4,(anonymous_10)
FNDA:1,(anonymous_11)
FNDA:5,(anonymous_12)
FNDA:6,(anonymous_13)
FNDA:20,(anonymous_14)
DA:3,20
DA:4,20
DA:5,20
DA:6,20
DA:7,20
DA:8,20
DA:11,20
DA:12,20
DA:13,20
DA:17,16
DA:21,14
DA:25,14
DA:29,22
DA:30,1
DA:32,21
DA:33,1
DA:36,20
DA:40,44
DA:44,2
DA:45,2
DA:50,8
DA:54,15
DA:58,4
DA:59,1
DA:61,3
DA:65,1
DA:69,5
DA:73,6
LF:28
LH:28
BRDA:29,0,0,1
BRDA:32,1,0,1
BRDA:58,2,0,1
BRF:3
BRH:3
end_of_record
TN:
SF:src\domain\entity\product.ts
FN:14,(anonymous_2)
FN:18,(anonymous_3)
FN:22,(anonymous_4)
FN:26,(anonymous_5)
FN:31,(anonymous_6)
FN:36,(anonymous_7)
FN:6,(anonymous_8)
FNF:7
FNH:7
FNDA:25,(anonymous_2)
FNDA:26,(anonymous_3)
FNDA:31,(anonymous_4)
FNDA:4,(anonymous_5)
FNDA:2,(anonymous_6)
FNDA:22,(anonymous_7)
FNDA:22,(anonymous_8)
DA:1,22
DA:2,22
DA:3,22
DA:4,22
DA:7,22
DA:8,22
DA:9,22
DA:11,22
DA:15,25
DA:19,26
DA:23,31
DA:27,4
DA:28,4
DA:32,2
DA:33,2
DA:37,22
DA:38,1
DA:40,21
DA:41,1
DA:43,20
DA:44,2
DA:46,18
LF:22
LH:22
BRDA:37,0,0,1
BRDA:40,1,0,1
BRDA:43,2,0,2
BRF:3
BRH:3
end_of_record
TN:
SF:src\domain\service\order.service.ts
FN:7,(anonymous_2)
FN:8,(anonymous_3)
FN:11,(anonymous_4)
FNF:3
FNH:3
FNDA:1,(anonymous_2)
FNDA:2,(anonymous_3)
FNDA:1,(anonymous_4)
DA:1,1
DA:4,1
DA:6,2
DA:8,2
DA:12,1
DA:13,0
DA:16,1
DA:18,1
DA:20,1
LF:9
LH:8
BRDA:12,0,0,0
BRF:1
BRH:0
end_of_record
TN:
SF:src\domain\service\product.service.ts
FN:4,(anonymous_1)
FN:5,(anonymous_2)
FNF:2
FNH:2
FNDA:1,(anonymous_1)
FNDA:2,(anonymous_2)
DA:3,1
DA:5,1
DA:6,2
DA:8,1
LF:4
LH:4
BRF:0
BRH:0
end_of_record
TN:
SF:src\infrastructure\db\sequelize\model\customer.model.ts
FNF:0
FNH:0
DA:1,2
DA:7,58
LF:2
LH:2
BRF:0
BRH:0
end_of_record
TN:
SF:src\infrastructure\db\sequelize\model\order-item.model.ts
FN:22,(anonymous_4)
FN:26,(anonymous_5)
FN:29,(anonymous_6)
FN:33,(anonymous_7)
FNF:4
FNH:4
FNDA:30,(anonymous_4)
FNDA:12,(anonymous_5)
FNDA:12,(anonymous_6)
FNDA:12,(anonymous_7)
DA:8,1
DA:9,1
DA:10,1
DA:17,37
DA:22,30
DA:26,12
DA:29,12
DA:33,12
LF:8
LH:8
BRDA:27,0,0,0
BRDA:27,0,1,1
BRDA:34,1,0,0
BRDA:34,1,1,1
BRF:4
BRH:2
end_of_record
TN:
SF:src\infrastructure\db\sequelize\model\order.model.ts
FN:22,(anonymous_4)
FN:26,(anonymous_5)
FN:29,(anonymous_6)
FNF:3
FNH:3
FNDA:6,(anonymous_4)
FNDA:21,(anonymous_5)
FNDA:21,(anonymous_6)
DA:9,1
DA:10,1
DA:11,1
DA:17,46
DA:22,6
DA:26,21
DA:29,21
LF:7
LH:7
BRDA:27,0,0,0
BRDA:27,0,1,1
BRF:2
BRH:1
end_of_record
TN:
SF:src\infrastructure\db\sequelize\model\product.model.ts
FNF:0
FNH:0
DA:1,2
DA:7,74
LF:2
LH:2
BRF:0
BRH:0
end_of_record
TN:
SF:src\infrastructure\repository\customer.repository.ts
FN:7,(anonymous_2)
FN:20,(anonymous_3)
FN:39,(anonymous_4)
FN:63,(anonymous_5)
FN:66,(anonymous_6)
FNF:5
FNH:5
FNDA:10,(anonymous_2)
FNDA:1,(anonymous_3)
FNDA:2,(anonymous_4)
FNDA:1,(anonymous_5)
FNDA:2,(anonymous_6)
DA:1,2
DA:2,2
DA:4,2
DA:6,9
DA:8,10
DA:21,1
DA:41,2
DA:42,2
DA:49,1
DA:52,1
DA:53,1
DA:59,1
DA:60,1
DA:64,1
DA:66,1
DA:67,2
DA:68,2
DA:69,2
DA:75,2
DA:76,2
DA:77,1
DA:79,2
DA:82,1
LF:23
LH:23
BRDA:76,0,0,1
BRF:1
BRH:1
end_of_record
TN:
SF:src\infrastructure\repository\order.repository.ts
FN:7,(anonymous_2)
FN:12,(anonymous_3)
FN:25,(anonymous_4)
FN:39,(anonymous_5)
FN:50,(anonymous_6)
FN:60,(anonymous_7)
FN:61,(anonymous_8)
FN:75,(anonymous_9)
FN:76,(anonymous_10)
FNF:9
FNH:9
FNDA:5,(anonymous_2)
FNDA:9,(anonymous_3)
FNDA:2,(anonymous_4)
FNDA:2,(anonymous_5)
FNDA:2,(anonymous_6)
FNDA:2,(anonymous_7)
FNDA:4,(anonymous_8)
FNDA:1,(anonymous_9)
FNDA:2,(anonymous_10)
DA:1,1
DA:2,1
DA:3,1
DA:4,1
DA:6,6
DA:8,5
DA:12,9
DA:27,2
DA:28,2
DA:36,1
DA:39,2
DA:47,1
DA:52,2
DA:53,2
DA:57,0
DA:60,2
DA:61,4
DA:68,2
DA:71,2
DA:76,2
DA:84,1
DA:85,1
DA:98,0
DA:101,1
LF:24
LH:22
BRF:0
BRH:0
end_of_record
TN:
SF:src\infrastructure\repository\product.repository.ts
FN:6,(anonymous_2)
FN:15,(anonymous_3)
FN:24,(anonymous_4)
FN:27,(anonymous_5)
FN:33,(anonymous_6)
FNF:5
FNH:5
FNDA:11,(anonymous_2)
FNDA:1,(anonymous_3)
FNDA:1,(anonymous_4)
FNDA:2,(anonymous_5)
FNDA:1,(anonymous_6)
DA:1,2
DA:3,2
DA:5,8
DA:7,11
DA:16,1
DA:18,1
DA:25,1
DA:27,1
DA:28,2
DA:34,1
LF:10
LH:10
BRF:0
BRH:0
end_of_record
